C51 COMPILER V9.00   DA_AD                                                                 06/23/2021 19:21:34 PAGE 1   


C51 COMPILER V9.00, COMPILATION OF MODULE DA_AD
OBJECT MODULE PLACED IN DA-AD.OBJ
COMPILER INVOKED BY: E:\C51\BIN\C51.EXE DA-AD.C BROWSE DEBUG OBJECTEXTEND

line level    source

   1          /*--------------------------------------------------------------------------
   2          //请自行更改通信定义引脚
   3          //众明工作室
   4          //淘宝链接: https://item.taobao.com/item.htm?spm=a2oq0.12575281.0.0.15d11deb3ow36J&ft=t&id=642125636062
   5          //  版 本 号   : v1.0
   6          //  作    者   : 众明工作室
   7          //  联系  QQ   : 1795190213
   8          //    众明交流群 :1041406448
   9          // 众明售前咨询群:150709982
  10          // 众明技术售后群:1080227324（订单号入群）
  11          //  生成日期   : 2021-04-15
  12          //  最近修改   : 
  13          //  功能描述   : PCF8591四路采集串口显示测试程序
  14          //      说明   : 
  15          
  16          --------------------------------------------------------------------------*/
  17          
  18          #include<reg52.h>    //包含单片机寄存器的头文件
  19          #include <I2C.H>
  20          
  21          #include <string.h>
  22          #include <intrins.h>
  23          
  24          
  25          #define uchar unsigned char//宏定义定义无符号char型为uchar
  26          #define uint unsigned int//宏定义定义无符号int型为uint
  27          #define FOSC 11.0592 // 系统晶振频率11.0592MHz
  28          /*LCD1602显示模块端口定义*/
  29          sbit lcdrs = P2^5;//LCD  RS引脚
  30          sbit lcdrw = P2^6;//LCD  RW引脚
  31          sbit lcden = P2^7;//LCD  E引脚
  32          uchar code table0[] = {"GQ:"};            //标注信息：光强
  33          uchar code table1[] = {"Distance:"};  //标注信息：距离
  34          uchar code table2[] = {"0123456789"}; //距离
  35          uchar code table3[] = {"Lux"};            //单位:Lux勒克斯
  36          
  37          
  38          #define uchar unsigned char
  39          #define  PCF8591 0x90    //PCF8591 地址
  40          
  41          
  42          
  43          // 变量定义
  44          unsigned char AD_CHANNEL;
  45          unsigned long xdata  LedOut[4];
  46          unsigned int  D[32];
  47          // sbit P2_0 = P2^0;
  48          // sbit P2_1 = P2^1;
  49          // sbit P2_2 = P2^2;
  50          // sbit P2_3 = P2^3;
  51          
  52          
  53                                                  
  54          unsigned char date;
  55          
C51 COMPILER V9.00   DA_AD                                                                 06/23/2021 19:21:34 PAGE 2   

  56          //uchar code table[]={0xc0,0xf9,0xa4,0xb0,0x99,0x92,0x82,0xf8,0x80,0x90};
  57          
  58          
  59            // 函数申明 
  60          
  61          void display();
  62          void delay(uchar i);
  63          bit DACconversion(unsigned char sla,unsigned char c,  unsigned char Val);
  64          bit ISendByte(unsigned char sla,unsigned char c);
  65          unsigned char IRcvByte(unsigned char sla);
  66          void Initial_com(void);
  67          
  68          /*写指令函数*/
  69          void writeCommand(uchar command){
  70   1              lcdrs = 0; // 命令选择
  71   1              lcdrw = 0;
  72   1              P0 = command;
  73   1              delay(5);
  74   1              
  75   1              lcden = 1; // 产生一个正脉冲使能信号
  76   1              delay(5);
  77   1              lcden = 0;
  78   1      }
  79          
  80          /*写数据函数*/
  81          void writeDataLCD(uchar dat){
  82   1              lcdrs = 1; // 数据选择
  83   1              lcdrw = 0;
  84   1              P0 = dat;
  85   1              delay(5);
  86   1              
  87   1              lcden = 1;
  88   1              delay(5);
  89   1              lcden = 0;
  90   1      }
  91          
  92          
  93          //******************************************************************/
  94          //void Timer0Init()
  95          //{
  96          //      TMOD|=0X01;//选择为定时器0模式，工作方式1，仅用TR0打开启动。
  97          
  98          //      TH0=0XFC;       //给定时器赋初值，定时1ms
  99          //      TL0=0X66;       
 100          //      ET0=1;//打开定时器0中断允许
 101          //      EA=1;//打开总中断
 102          //      TR0=1;//打开定时器                      
 103          //}
 104          void DigDisplay()
 105          {
 106   1              //显示第一行的光照强度数据信息：        
 107   1              uchar  i;
 108   1              for(i = 0; i < 4; i++){
 109   2                      writeCommand(0x80 + 0x00 + strlen(table0) + i);
 110   2                      writeDataLCD(table2[LedOut[i]]);//光照强度
 111   2                      delay(5);
 112   2              }
 113   1              for(i = 0; i < strlen(table3); i++){
 114   2                      writeCommand(0x80 + 0x00 + strlen(table0) + 4 + i);
 115   2                      writeDataLCD(table3[i]);    //单位：Lux
 116   2                      delay(5);
 117   2              }
C51 COMPILER V9.00   DA_AD                                                                 06/23/2021 19:21:34 PAGE 3   

 118   1      }
 119          
 120          /*初始化LCD1602的设置*/
 121          void LCDInit(){
 122   1              uchar i;
 123   1              lcden = 0; // 拉低使能端，准备产生使能高脉冲信号
 124   1              writeCommand(0x38); // 显示模式设置(16x2， 5x7点阵，8位数据接口)
 125   1              writeCommand(0x0c); // 开显示，不显示光标
 126   1              writeCommand(0x06); // 写一个字符后地址指针自动加1
 127   1              writeCommand(0x01); // 显示清零，数据指针清零
 128   1              
 129   1              /*LCD上电界面*/  
 130   1      
 131   1              //第一行的设置：用来显示光照强度控制开关灯
 132   1              writeCommand(0x80); // 将数据指针定位到第一行首
 133   1              for(i = 0; i < strlen(table0); i++){
 134   2                      writeDataLCD(table0[i]);
 135   2                      delay(5);
 136   2              }         
 137   1              
 138   1              //第二行的设置：用来显示光照强度控制小车
 139   1              writeCommand(0x80 + 0x40); // 将数据指针定位到第二行首
 140   1              for(i = 0; i < strlen(table1); i++){
 141   2                      writeDataLCD(table1[i]);  //标注信息:Distance
 142   2                      delay(5);
 143   2              }
 144   1      }
 145          main()
 146          {  
 147   1      
 148   1              //Timer0Init();
 149   1              LCDInit();//调用LCD显示模块初始化
 150   1              while(1)
 151   1              {
 152   2      
 153   2              /********以下AD-DA处理*************/  
 154   2              
 155   2              
 156   2                   switch(AD_CHANNEL)
 157   2                       {
 158   3                               case 0: ISendByte(PCF8591,0x41);
 159   3                                    D[0]=IRcvByte(PCF8591);  //ADC0 模数转换1      光敏电阻
 160   3                                        break;  
 161   3                              
 162   3                               case 1: ISendByte(PCF8591,0x42);
 163   3                                    D[1]=IRcvByte(PCF8591);  //ADC1  模数转换2          热敏电阻
 164   3                                        break;  
 165   3                              
 166   3                               case 2: ISendByte(PCF8591,0x43);
 167   3                                    D[2]=IRcvByte(PCF8591);  //ADC2   模数转换3          悬空
 168   3                                        break;  
 169   3                              
 170   3                               case 3: ISendByte(PCF8591,0x40);
 171   3                                    D[3]=IRcvByte(PCF8591);  //ADC3   模数转换4          可调0-5v
 172   3                                        break;  
 173   3                              
 174   3                               case 4: DACconversion(PCF8591,0x40, D[4]); //DAC         数模转换
 175   3                                    break;
 176   3                       
 177   3                       }
 178   2      
 179   2              D[4]=D[3];  //把模拟输入采样的信号 通过数模转换输出
C51 COMPILER V9.00   DA_AD                                                                 06/23/2021 19:21:34 PAGE 4   

 180   2                              
 181   2                 if(++AD_CHANNEL>4) AD_CHANNEL=0;
 182   2              
 183   2                 /********以下将AD的值通过串口发送出去*************/
 184   2               //delay(200);  
 185   2               // SBUF=D[0];                     
 186   2               //delay(200);            
 187   2               //SBUF=D[1];   
 188   2           LedOut[0] = D[3]/100%10;
 189   2           LedOut[1] = D[3]/10%10;
 190   2           LedOut[2] = D[3]/1%10;
 191   2               LedOut[3] = D[3]*10%10;         
 192   2      
 193   2                      DigDisplay();
 194   2                      P2=0xff;
 195   2               //delay(200);  
 196   2               // SBUF=D[2];
 197   2               // delay(200);
 198   2               // SBUF=D[3];
 199   2               // delay(200);
 200   2               
 201   2         }
 202   1      }
 203          
 204          
 205          void delay(uchar i)
 206          {
 207   1        uchar j,k; 
 208   1        for(j=i;j>0;j--)
 209   1          for(k=125;k>0;k--);
 210   1      }
 211          
 212          /*******************************************************************
 213          DAC 变换, 转化函数               
 214          *******************************************************************/
 215          bit DACconversion(unsigned char sla,unsigned char c,  unsigned char Val)
 216          {
 217   1         Start_I2c();              //启动总线
 218   1         SendByte(sla);            //发送器件地址
 219   1         if(ack==0)return(0);
 220   1         SendByte(c);              //发送控制字节
 221   1         if(ack==0)return(0);
 222   1         SendByte(Val);            //发送DAC的数值  
 223   1         if(ack==0)return(0);
 224   1         Stop_I2c();               //结束总线
 225   1         return(1);
 226   1      }
 227          
 228          /*******************************************************************
 229          ADC发送字节[命令]数据函数               
 230          *******************************************************************/
 231          bit ISendByte(unsigned char sla,unsigned char c)
 232          {
 233   1         Start_I2c();              //启动总线
 234   1         SendByte(sla);            //发送器件地址
 235   1         if(ack==0)return(0);
 236   1         SendByte(c);              //发送数据
 237   1         if(ack==0)return(0);
 238   1         Stop_I2c();               //结束总线
 239   1         return(1);
 240   1      }
 241          
C51 COMPILER V9.00   DA_AD                                                                 06/23/2021 19:21:34 PAGE 5   

 242          /*******************************************************************
 243          ADC读字节数据函数               
 244          *******************************************************************/
 245          unsigned char IRcvByte(unsigned char sla)
 246          {  unsigned char c;
 247   1      
 248   1         Start_I2c();          //启动总线
 249   1         SendByte(sla+1);      //发送器件地址
 250   1         if(ack==0)return(0);
 251   1         c=RcvByte();          //读取数据0
 252   1      
 253   1         Ack_I2c(1);           //发送非就答位
 254   1         Stop_I2c();           //结束总线
 255   1         return(c);
 256   1      }
 257          
 258          
 259          
 260          //void Timer0() interrupt 1
 261          //{
 262          //      unsigned char i;
 263          //      TH0=0XFC;       //给定时器赋初值，定时1ms
 264          //      TL0=0X66;       
 265          //      i++;
 266          //      if(i==5)
 267          //      {       
 268          //              DigDisplay();
 269          //      }
 270          ////  if(i>=20)
 271          ////    {       
 272          ////            i=0;
 273          ////      P0=0x00;//消隐
 274          ////    }
 275          //}


MODULE INFORMATION:   STATIC OVERLAYABLE
   CODE SIZE        =    652    ----
   CONSTANT SIZE    =     29    ----
   XDATA SIZE       =     16    ----
   PDATA SIZE       =   ----    ----
   DATA SIZE        =     66       9
   IDATA SIZE       =   ----    ----
   BIT SIZE         =   ----    ----
END OF MODULE INFORMATION.


C51 COMPILATION COMPLETE.  0 WARNING(S),  0 ERROR(S)
