C51 COMPILER V9.00   I2C                                                                   06/23/2021 18:47:07 PAGE 1   


C51 COMPILER V9.00, COMPILATION OF MODULE I2C
OBJECT MODULE PLACED IN I2C.OBJ
COMPILER INVOKED BY: E:\C51\BIN\C51.EXE I2C.c BROWSE DEBUG OBJECTEXTEND

line level    source

   1          /*--------------------------------------------------------------------------
   2          //请自行更改通信定义引脚
   3          //众明工作室
   4          //淘宝链接: https://item.taobao.com/item.htm?spm=a2oq0.12575281.0.0.15d11deb3ow36J&ft=t&id=642125636062
   5          //  版 本 号   : v1.0
   6          //  作    者   : 众明工作室
   7          //  联系  QQ   : 1795190213
   8          //    众明交流群 :1041406448
   9          // 众明售前咨询群:150709982
  10          // 众明技术售后群:1080227324（订单号入群）
  11          //  生成日期   : 2021-04-15
  12          //  最近修改   : 
  13          //  功能描述   : PCF8591四路采集串口显示测试程序
  14          //      说明   : 
  15          
  16          --------------------------------------------------------------------------*/
  17          /*************************此部分为I2C总线的驱动程序*************************************/
  18          
  19          #include<reg52.h>
  20          #include <intrins.h>
  21          #include <I2C.H>
  22          
  23          #define  NOP()   _nop_()   /* 定义空指令 */
  24          #define  _Nop()  _nop_()   /*定义空指令*/
  25          
  26           
  27          sbit     SCL=P1^1;       //I2C  时钟 
  28          sbit     SDA=P1^2;       //I2C  数据 
  29          bit ack;                 /*应答标志位*/
  30             
  31          
  32          /*******************************************************************
  33                               起动总线函数               
  34          函数原型: void  Start_I2c();  
  35          功能:     启动I2C总线,即发送I2C起始条件.  
  36          ********************************************************************/
  37          void Start_I2c()
  38          {
  39   1        SDA=1;         /*发送起始条件的数据信号*/
  40   1        _Nop();
  41   1        SCL=1;
  42   1        _Nop();        /*起始条件建立时间大于4.7us,延时*/
  43   1        _Nop();
  44   1        _Nop();
  45   1        _Nop();
  46   1        _Nop();    
  47   1        SDA=0;         /*发送起始信号*/
  48   1        _Nop();        /* 起始条件锁定时间大于4μs*/
  49   1        _Nop();
  50   1        _Nop();
  51   1        _Nop();
  52   1        _Nop();       
  53   1        SCL=0;       /*钳住I2C总线，准备发送或接收数据 */
  54   1        _Nop();
  55   1        _Nop();
C51 COMPILER V9.00   I2C                                                                   06/23/2021 18:47:07 PAGE 2   

  56   1      }
  57          
  58          /*******************************************************************
  59                                结束总线函数               
  60          函数原型: void  Stop_I2c();  
  61          功能:     结束I2C总线,即发送I2C结束条件.  
  62          ********************************************************************/
  63          void Stop_I2c()
  64          {
  65   1        SDA=0;      /*发送结束条件的数据信号*/
  66   1        _Nop();       /*发送结束条件的时钟信号*/
  67   1        SCL=1;      /*结束条件建立时间大于4μs*/
  68   1        _Nop();
  69   1        _Nop();
  70   1        _Nop();
  71   1        _Nop();
  72   1        _Nop();
  73   1        SDA=1;      /*发送I2C总线结束信号*/
  74   1        _Nop();
  75   1        _Nop();
  76   1        _Nop();
  77   1        _Nop();
  78   1      }
  79          
  80          /*******************************************************************
  81                           字节数据发送函数               
  82          函数原型: void  SendByte(UCHAR c);
  83          功能:     将数据c发送出去,可以是地址,也可以是数据,发完后等待应答,并对
  84                    此状态位进行操作.(不应答或非应答都使ack=0)     
  85                     发送数据正常，ack=1; ack=0表示被控器无应答或损坏。
  86          ********************************************************************/
  87          void  SendByte(unsigned char  c)
  88          {
  89   1       unsigned char  BitCnt;
  90   1       
  91   1       for(BitCnt=0;BitCnt<8;BitCnt++)  /*要传送的数据长度为8位*/
  92   1          {
  93   2           if((c<<BitCnt)&0x80)SDA=1;   /*判断发送位*/
  94   2             else  SDA=0;                
  95   2           _Nop();
  96   2           SCL=1;               /*置时钟线为高，通知被控器开始接收数据位*/
  97   2            _Nop(); 
  98   2            _Nop();             /*保证时钟高电平周期大于4μs*/
  99   2            _Nop();
 100   2            _Nop();
 101   2            _Nop();         
 102   2           SCL=0; 
 103   2          }
 104   1          
 105   1          _Nop();
 106   1          _Nop();
 107   1          SDA=1;                /*8位发送完后释放数据线，准备接收应答位*/
 108   1          _Nop();
 109   1          _Nop();   
 110   1          SCL=1;
 111   1          _Nop();
 112   1          _Nop();
 113   1          _Nop();
 114   1          if(SDA==1)ack=0;     
 115   1             else ack=1;        /*判断是否接收到应答信号*/
 116   1          SCL=0;
 117   1          _Nop();
C51 COMPILER V9.00   I2C                                                                   06/23/2021 18:47:07 PAGE 3   

 118   1          _Nop();
 119   1      }
 120          
 121          /*******************************************************************
 122                           字节数据接收函数               
 123          函数原型: UCHAR  RcvByte();
 124          功能:        用来接收从器件传来的数据,并判断总线错误(不发应答信号)，
 125                    发完后请用应答函数应答从机。  
 126          ********************************************************************/    
 127          unsigned char   RcvByte()
 128          {
 129   1        unsigned char  retc;
 130   1        unsigned char  BitCnt;
 131   1        
 132   1        retc=0; 
 133   1        SDA=1;                     /*置数据线为输入方式*/
 134   1        for(BitCnt=0;BitCnt<8;BitCnt++)
 135   1            {
 136   2              _Nop();           
 137   2              SCL=0;                  /*置时钟线为低，准备接收数据位*/
 138   2              _Nop();
 139   2              _Nop();                 /*时钟低电平周期大于4.7μs*/
 140   2              _Nop();
 141   2              _Nop();
 142   2              _Nop();
 143   2              SCL=1;                  /*置时钟线为高使数据线上数据有效*/
 144   2              _Nop();
 145   2              _Nop();
 146   2              retc=retc<<1;
 147   2              if(SDA==1)retc=retc+1;  /*读数据位,接收的数据位放入retc中 */
 148   2              _Nop();
 149   2              _Nop(); 
 150   2            }
 151   1        SCL=0;    
 152   1        _Nop();
 153   1        _Nop();
 154   1        return(retc);
 155   1      }
 156          
 157          /********************************************************************
 158                               应答子函数
 159          函数原型:  void Ack_I2c(bit a);
 160          功能:      主控器进行应答信号(可以是应答或非应答信号，由位参数a决定)
 161          ********************************************************************/
 162          void Ack_I2c(bit a)
 163          {
 164   1        
 165   1        if(a==0)SDA=0;              /*在此发出应答或非应答信号 */
 166   1        else SDA=1;
 167   1        _Nop();
 168   1        _Nop();
 169   1        _Nop();      
 170   1        SCL=1;
 171   1        _Nop();
 172   1        _Nop();                    /*时钟低电平周期大于4μs*/
 173   1        _Nop();
 174   1        _Nop();
 175   1        _Nop();  
 176   1        SCL=0;                     /*清时钟线，钳住I2C总线以便继续接收*/
 177   1        _Nop();
 178   1        _Nop();    
 179   1      }
C51 COMPILER V9.00   I2C                                                                   06/23/2021 18:47:07 PAGE 4   

 180          
 181          
 182          
 183          


MODULE INFORMATION:   STATIC OVERLAYABLE
   CODE SIZE        =    159    ----
   CONSTANT SIZE    =   ----    ----
   XDATA SIZE       =   ----    ----
   PDATA SIZE       =   ----    ----
   DATA SIZE        =   ----    ----
   IDATA SIZE       =   ----    ----
   BIT SIZE         =      1       1
END OF MODULE INFORMATION.


C51 COMPILATION COMPLETE.  0 WARNING(S),  0 ERROR(S)
