C51 COMPILER V9.00   MAIN                                                                  06/24/2021 19:33:30 PAGE 1   


C51 COMPILER V9.00, COMPILATION OF MODULE MAIN
OBJECT MODULE PLACED IN main.OBJ
COMPILER INVOKED BY: E:\C51\BIN\C51.EXE main.c BROWSE DEBUG OBJECTEXTEND

line level    source

   1          /*----------------------------------------
   2          : HC-SR04ģ
   3          õƬ(STC89C52RC)źţ룬
   4          LCD1602ʵʱʾǰ롣
   5          =ߵƽʱ*٣/2
   6          ߵƽʱǳʱ䡣
   7          ----------------------------------------*/
   8          #include "Ultrasonic.h"  //ͷļUltrasonic.hаһЩͷļʼ궨һЩ
             -
   9          
  10          
  11          /*ȫֱ*/
  12          uint time = 0; // ¼ߵƽʱ
  13          float distance = 0.0; // ž
  14          
  15          /*LCD1602ʾģʾݣʽ*/
  16          uchar code table0[] = {"weight:0034kg"};                 
  17          
  18          
  19          //LCD1602ʾĵڶϢʾģ飺
  20          uchar code table1[] = {"Distance:"};  //עϢ
  21          uchar code table2[] = {"0123456789"}; //
  22          uchar code table3[] = {"mm"};             //λ:mm
  23          // 
  24          uchar num = 0;
  25          uint nn=0;
  26          uchar dis[4];//ŴľϢ
  27          
  28          
  29          /**/
  30          void main(){
  31   1          
  32   1              LCDInit();//LCDʾʼ
  33   1              timerInit();//ʱ01ʼ
  34   1              while(1){
  35   2                   /*******³봦*********/ 
  36   2                      uint disINT = (uint)distance;      //ǿתݣfloatdatת޷ݣunsigned 
             -int
  37   2                      int i=0;
  38   2                      echo = 0; // ջ0
  39   2                      startUltra(); // 
  40   2                      while(!echo); // ȴ
  41   2                      TR0 = 1; // ʼʱ
  42   2                      while(echo);
  43   2                      TR0 = 0; // ֹͣʱ
  44   2                      computeDis(); // 
  45   2      
  46   2                      //ֵȻֵڲͨdisplayʾLCDʾ                
  47   2              dis[0] = disINT / 1000;        //ȡǧλ
  48   2              dis[1] = disINT % 1000 / 100;  //ȡλ
  49   2                  dis[2] = disINT % 100 / 10;    //ȡʮλ
  50   2                  dis[3] = disINT % 10;          //ȡλ
  51   2               
  52   2                      display(); // LCDʾʾǿȣһУ͵루ڶУ
  53   2              }
C51 COMPILER V9.00   MAIN                                                                  06/24/2021 19:33:30 PAGE 2   

  54   1      }
  55          
  56          /*==============================================
  57          ΪHC-SR04ģã
  58          ===============================================*/
  59          /**/
  60          void startUltra(){ // һ10usĸߵƽHC-SR04ģ
  61   1              trig = 1;
  62   1              delayUs(15);
  63   1              trig = 0;
  64   1      }
  65          
  66          /*ʱ01ʼ*/
  67          void timerInit(){
  68   1              TMOD = 0x01; // ʱ1 ʱģʽ ʽ2 8λԶװ
  69   1                                      // ʱ0 ʱģʽ ʽ1 ſ
  70   1              TH0 = 0x00; //öʱʱ
  71   1              TL0 = 0x00;     //öʱʱ  
  72   1              ET0 = 1; // timer0ж
  73   1              EA = 1; // ȫж
  74   1      
  75   1      }
  76          
  77          
  78          
  79          /*ʱ0жϷ*/
  80          void timer0Service() interrupt 1{ // ˵෶Χ
  81   1              echo = 0; // ǿƹرջ
  82   1      }
  83          
  84          /*ʱx * 1 us*/
  85          void delayUs(uint xus){
  86   1              uint i;
  87   1              for(i = xus; i > 0; i--){
  88   2                      _nop_();                        //պ_nop()_൱һʱ1us
  89   2              }
  90   1      }
  91          
  92          /**/
  93          void computeDis(){
  94   1              time = TH0 * 256 + TL0;    //ʱתΪtime
  95   1              distance = FACTOR * time;  //FACTOR궨Ϊ0.1845
  96   1              TH0 = 0x00; // װֵ
  97   1              TL0 = 0x00;
  98   1      }
  99          
 100          /*==============================================
 101          ΪLCD1602ʾã
 102          ===============================================*/
 103          
 104          /*ʼLCD1602*/
 105          void LCDInit(){
 106   1              uchar i;
 107   1              lcden = 0; // ʹܶˣ׼ʹܸź
 108   1              writeCommand(0x38); // ʾģʽ(16x2 5x78λݽӿ)
 109   1              writeCommand(0x0c); // ʾʾ
 110   1              writeCommand(0x06); // дһַַָԶ1
 111   1              writeCommand(0x01); // ʾ㣬ָ
 112   1              
 113   1              /*LCDϵ*/  
 114   1      
 115   1              //һеãʾǿȿƿص
C51 COMPILER V9.00   MAIN                                                                  06/24/2021 19:33:30 PAGE 3   

 116   1              writeCommand(0x80); // ָ붨λһ
 117   1              for(i = 0; i < strlen(table0); i++){
 118   2                      writeDataLCD(table0[i]);
 119   2                      delay(5);
 120   2              }         
 121   1              
 122   1              
 123   1              //ڶеãʾǿȿС
 124   1              writeCommand(0x80 + 0x40); // ָ붨λڶ
 125   1              for(i = 0; i < strlen(table1); i++){
 126   2                      writeDataLCD(table1[i]);  //עϢ:Distance
 127   2                      delay(5);
 128   2              }
 129   1      }
 130          
 131          /*LCDʾ*/
 132          void display(){
 133   1              /*ǿֵһʾ*/    
 134   1              uchar  i;
 135   1      
 136   1      
 137   1              /*ಿֵڶʾ*/            
 138   1              for(i = 0; i < 4; i++){
 139   2                      writeCommand(0x80 + 0x40 + strlen(table1) + i);
 140   2                      writeDataLCD(table2[dis[i]]);//
 141   2                      delay(5);
 142   2              }
 143   1              for(i = 0; i < strlen(table3); i++){
 144   2                      writeCommand(0x80 + 0x40 + strlen(table1) + 4 + i);
 145   2                      writeDataLCD(table3[i]);    //λmm
 146   2                      delay(5);
 147   2              }
 148   1      }
 149          
 150          /*дָ*/
 151          void writeCommand(uchar command){
 152   1              lcdrs = 0; // ѡ
 153   1              lcdrw = 0;
 154   1              P0 = command;
 155   1              delay(5);
 156   1              
 157   1              lcden = 1; // һʹź
 158   1              delay(5);
 159   1              lcden = 0;
 160   1      }
 161          
 162          /*дݺ*/
 163          void writeDataLCD(uchar dat){
 164   1              lcdrs = 1; // ѡ
 165   1              lcdrw = 0;
 166   1              P0 = dat;
 167   1              delay(5);
 168   1              
 169   1              lcden = 1;
 170   1              delay(5);
 171   1              lcden = 0;
 172   1      }
 173          
 174          /*ʱx* 1 ms*/
 175          void delay(uint xms){
 176   1              uint i, j;
 177   1              for(i = xms; i > 0; i--)
C51 COMPILER V9.00   MAIN                                                                  06/24/2021 19:33:30 PAGE 4   

 178   1                      for(j = 110; j > 0; j--);
 179   1      }


MODULE INFORMATION:   STATIC OVERLAYABLE
   CODE SIZE        =    510    ----
   CONSTANT SIZE    =     38    ----
   XDATA SIZE       =   ----    ----
   PDATA SIZE       =   ----    ----
   DATA SIZE        =     13       6
   IDATA SIZE       =   ----    ----
   BIT SIZE         =   ----    ----
END OF MODULE INFORMATION.


C51 COMPILATION COMPLETE.  0 WARNING(S),  0 ERROR(S)
